<?xml version="1.0" encoding="UTF-8"?>
<!-- Generated by org.testng.reporters.JUnitReportReporter -->
<testsuite hostname="CMLCOLOMBO5517" failures="0" tests="1" name="Web_Testing.MouseOver" time="32.491" errors="0" timestamp="2023-08-26T22:15:27 IST" skipped="0">
  <testcase classname="Web_Testing.MouseOver" name="testURL" time="32.491"/>
</testsuite> <!-- Web_Testing.MouseOver -->
